<?xml version="1.0" encoding="UTF-8"?>
<testng-results skipped="0" failed="0" ignored="0" total="3" passed="3">
  <reporter-output>
  </reporter-output>
  <suite name="Default suite" duration-ms="165" started-at="2020-02-27T06:26:44Z" finished-at="2020-02-27T06:26:44Z">
    <groups>
    </groups>
    <test name="Default test" duration-ms="165" started-at="2020-02-27T06:26:44Z" finished-at="2020-02-27T06:26:44Z">
      <class name="TestNG.MyTest">
        <test-method status="PASS" signature="testNGOne()[pri:0, instance:TestNG.MyTest@5dfcfece]" name="testNGOne" duration-ms="35" started-at="2020-02-27T06:26:44Z" finished-at="2020-02-27T06:26:44Z">
          <reporter-output>
          </reporter-output>
        </test-method> <!-- testNGOne -->
        <test-method status="PASS" signature="testNGThree()[pri:0, instance:TestNG.MyTest@5dfcfece]" name="testNGThree" duration-ms="10" started-at="2020-02-27T06:26:44Z" finished-at="2020-02-27T06:26:44Z">
          <reporter-output>
          </reporter-output>
        </test-method> <!-- testNGThree -->
        <test-method status="PASS" signature="testNGTwo()[pri:0, instance:TestNG.MyTest@5dfcfece]" name="testNGTwo" duration-ms="11" started-at="2020-02-27T06:26:44Z" finished-at="2020-02-27T06:26:44Z">
          <reporter-output>
          </reporter-output>
        </test-method> <!-- testNGTwo -->
      </class> <!-- TestNG.MyTest -->
    </test> <!-- Default test -->
  </suite> <!-- Default suite -->
</testng-results>
